<?xml version="1.0" encoding="utf-8"?><testsuite errors="0" failures="0" name="pytest" skips="0" tests="12" time="1.239"><testcase classname="test_submit.ManagerDatesTests" file="test_submit.py" line="45" name="test_convert_string_to_date" time="0.03041386604309082"></testcase><testcase classname="test_submit.ManagerDatesTests" file="test_submit.py" line="69" name="test_convert_string_to_date_four" time="0.0033087730407714844"></testcase><testcase classname="test_submit.ManagerDatesTests" file="test_submit.py" line="61" name="test_convert_string_to_date_three" time="0.0011091232299804688"></testcase><testcase classname="test_submit.ManagerDatesTests" file="test_submit.py" line="53" name="test_convert_string_to_date_two" time="0.001262664794921875"></testcase><testcase classname="test_submit.ManagerDatesTests" file="test_submit.py" line="84" name="test_count_days_mounth" time="0.0011696815490722656"></testcase><testcase classname="test_submit.ManagerDatesTests" file="test_submit.py" line="91" name="test_count_days_mounth_two" time="0.0008006095886230469"></testcase><testcase classname="test_submit.ManagerDatesTests" file="test_submit.py" line="5" name="test_date_is_valid" time="0.0009531974792480469"></testcase><testcase classname="test_submit.ManagerDatesTests" file="test_submit.py" line="21" name="test_date_is_valid_three" time="0.0010478496551513672"></testcase><testcase classname="test_submit.ManagerDatesTests" file="test_submit.py" line="13" name="test_date_is_valid_two" time="0.0006568431854248047"></testcase><testcase classname="test_submit.ManagerDatesTests" file="test_submit.py" line="37" name="test_date_weekday" time="0.0011067390441894531"></testcase><testcase classname="test_submit.ManagerDatesTests" file="test_submit.py" line="77" name="test_get_all_dates" time="0.0008697509765625"></testcase><testcase classname="test_submit.ManagerDatesTests" file="test_submit.py" line="105" name="test_get_first_monday" time="0.0009255409240722656"></testcase></testsuite>