<?xml version="1.0" encoding="utf-8"?><testsuite errors="0" failures="0" name="pytest" skips="0" tests="8" time="0.184"><testcase classname="test_submit.EmailValidTests" file="test_submit.py" line="94" name="test_eight" time="0.001749277114868164"></testcase><testcase classname="test_submit.EmailValidTests" file="test_submit.py" line="57" name="test_five" time="0.0010116100311279297"></testcase><testcase classname="test_submit.EmailValidTests" file="test_submit.py" line="44" name="test_four" time="0.0013580322265625"></testcase><testcase classname="test_submit.EmailValidTests" file="test_submit.py" line="5" name="test_one" time="0.0006933212280273438"></testcase><testcase classname="test_submit.EmailValidTests" file="test_submit.py" line="81" name="test_seven" time="0.0006926059722900391"></testcase><testcase classname="test_submit.EmailValidTests" file="test_submit.py" line="69" name="test_six" time="0.0006511211395263672"></testcase><testcase classname="test_submit.EmailValidTests" file="test_submit.py" line="28" name="test_three" time="0.001817941665649414"></testcase><testcase classname="test_submit.EmailValidTests" file="test_submit.py" line="19" name="test_two" time="0.0005910396575927734"></testcase></testsuite>