<?xml version="1.0" encoding="utf-8"?><testsuite errors="0" failures="0" name="pytest" skips="0" tests="8" time="0.171"><testcase classname="test_submit.SellersRanckingTests" file="test_submit.py" line="5" name="test_best_seller" time="0.0007498264312744141"></testcase><testcase classname="test_submit.SellersRanckingTests" file="test_submit.py" line="63" name="test_best_seller_store" time="0.0007295608520507812"></testcase><testcase classname="test_submit.SellersRanckingTests" file="test_submit.py" line="57" name="test_best_seller_store_two" time="0.0006966590881347656"></testcase><testcase classname="test_submit.SellersRanckingTests" file="test_submit.py" line="33" name="test_best_seller_three" time="0.0007100105285644531"></testcase><testcase classname="test_submit.SellersRanckingTests" file="test_submit.py" line="18" name="test_best_seller_two" time="0.0007817745208740234"></testcase><testcase classname="test_submit.SellersRanckingTests" file="test_submit.py" line="38" name="test_rancking_list" time="0.0010902881622314453"></testcase><testcase classname="test_submit.SellersRanckingTests" file="test_submit.py" line="51" name="test_rancking_list_two" time="0.0008351802825927734"></testcase><testcase classname="test_submit.SellersRanckingTests" file="test_submit.py" line="76" name="test_sales_goals" time="0.0007491111755371094"></testcase></testsuite>